2025-10-31 14:30:55 | INFO | 🚀 Logger initialized successfully at: C:\Users\vishakhajad\Desktop\ArgoTrak_Project\Agrotrak_Python_Robot_Project\tests/../logs/agrotrak_run_20251031_143055.log
2025-10-31 14:30:55 | INFO | ===== AgroTrak Automation Suite Started =====
2025-10-31 14:30:55 | INFO | 🚀 Initializing Config Loader
2025-10-31 14:30:55 | INFO | ✅ Configurations Loaded Successfully.
2025-10-31 14:30:55 | INFO | 🌍 AgroTrak URL: file:///C:/Users/vishakhajad/Desktop/ArgoTrak_Project/Agrotrak_Python_Robot_Project/templates/dummy_templates.html
2025-10-31 14:30:55 | INFO | 👤 AgroTrak Username: admin_argotrak
2025-10-31 14:30:55 | INFO | 🌍 NewGate URL: file:///C:/Users/vishakhajad/Desktop/ArgoTrak_Project/Agrotrak_Python_Robot_Project/templates/dummy_templates.html
2025-10-31 14:30:55 | INFO | 📊 Initializing Excel setup...
2025-10-31 14:30:55 | INFO | 🌍 Running AgroTrak Login on DEV
2025-10-31 14:30:58 | INFO | ✅ AgroTrak login successful.
2025-10-31 14:30:58 | INFO | 📋 Executing: Device List Actions
2025-10-31 14:31:04 | INFO | 📋 Executing: Alerts Tab Actions
2025-10-31 14:31:18 | INFO | 📋 Executing: Reports Tab Actions
2025-10-31 14:31:26 | INFO | 📋 Executing: Maintenance Manager
2025-10-31 14:31:32 | INFO | 📋 Executing: Credentials Manager
2025-10-31 14:31:38 | INFO | ✅ All UI actions completed successfully
2025-10-31 14:31:38 | INFO | 🧹 Completed Call Multiple UI Functions (Cleanup Phase)
2025-10-31 14:31:38 | INFO | 🌍 Running NewGate Login on DEV
2025-10-31 14:31:42 | INFO | ✅ NewGate login successful.
2025-10-31 14:31:42 | INFO | ===== Test Suite Completed Successfully =====
2025-10-31 14:31:42 | INFO | 🧹 Cleaning up and closing browser.
